mode: set
mxtransporter/config/kinesis-stream/kinesis_stream_config.go:12.42,17.2 4 1
mxtransporter/config/bigquery/bigquery_config.go:12.32,17.2 4 1
mxtransporter/config/mongodb/db_config.go:13.26,19.2 5 1
mxtransporter/config/pubsub/pubsub_config.go:12.28,17.2 4 1
mxtransporter/config/general.go:10.13,13.2 1 1
mxtransporter/config/general.go:16.49,18.29 2 1
mxtransporter/config/general.go:21.2,21.19 1 1
mxtransporter/config/general.go:18.29,20.3 1 1
mxtransporter/config/general.go:24.47,26.30 2 1
mxtransporter/config/general.go:29.2,29.20 1 1
mxtransporter/config/general.go:26.30,28.3 1 1
mxtransporter/config/general.go:33.40,35.33 2 1
mxtransporter/config/general.go:38.2,38.23 1 1
mxtransporter/config/general.go:35.33,37.3 1 1
mxtransporter/config/general.go:41.38,43.26 2 1
mxtransporter/config/general.go:46.2,46.16 1 1
mxtransporter/config/general.go:43.26,45.3 1 1
mxtransporter/config/general.go:49.29,56.2 6 1
mxtransporter/usecases/resume-token/input.go:15.60,17.16 2 1
mxtransporter/usecases/resume-token/input.go:21.2,22.16 2 1
mxtransporter/usecases/resume-token/input.go:26.2,29.78 3 1
mxtransporter/usecases/resume-token/input.go:33.2,35.16 2 1
mxtransporter/usecases/resume-token/input.go:38.2,41.16 3 1
mxtransporter/usecases/resume-token/input.go:45.2,47.12 2 1
mxtransporter/usecases/resume-token/input.go:17.16,19.3 1 1
mxtransporter/usecases/resume-token/input.go:22.16,24.3 1 1
mxtransporter/usecases/resume-token/input.go:29.78,31.3 1 1
mxtransporter/usecases/resume-token/input.go:35.16,37.3 1 0
mxtransporter/usecases/resume-token/input.go:41.16,43.3 1 0
mxtransporter/pkg/logger/logger.go:16.41,21.22 3 1
mxtransporter/pkg/logger/logger.go:28.2,28.32 1 1
mxtransporter/pkg/logger/logger.go:34.2,34.61 1 1
mxtransporter/pkg/logger/logger.go:46.2,62.18 3 1
mxtransporter/pkg/logger/logger.go:22.11,23.36 1 1
mxtransporter/pkg/logger/logger.go:24.11,25.37 1 1
mxtransporter/pkg/logger/logger.go:28.32,30.3 1 1
mxtransporter/pkg/logger/logger.go:30.8,32.3 1 1
mxtransporter/pkg/logger/logger.go:34.61,37.58 3 1
mxtransporter/pkg/logger/logger.go:40.3,41.60 2 1
mxtransporter/pkg/logger/logger.go:37.58,39.4 1 1
mxtransporter/pkg/logger/logger.go:42.8,44.3 1 1
mxtransporter/interfaces/kinesis-stream/export.go:29.125,37.2 2 0
mxtransporter/interfaces/kinesis-stream/export.go:39.94,43.16 3 1
mxtransporter/interfaces/kinesis-stream/export.go:46.2,49.16 4 1
mxtransporter/interfaces/kinesis-stream/export.go:52.2,53.16 2 1
mxtransporter/interfaces/kinesis-stream/export.go:56.2,57.16 2 1
mxtransporter/interfaces/kinesis-stream/export.go:60.2,61.16 2 1
mxtransporter/interfaces/kinesis-stream/export.go:65.2,77.80 3 1
mxtransporter/interfaces/kinesis-stream/export.go:81.2,81.12 1 1
mxtransporter/interfaces/kinesis-stream/export.go:43.16,45.3 1 1
mxtransporter/interfaces/kinesis-stream/export.go:49.16,51.3 1 1
mxtransporter/interfaces/kinesis-stream/export.go:53.16,55.3 1 1
mxtransporter/interfaces/kinesis-stream/export.go:57.16,59.3 1 1
mxtransporter/interfaces/kinesis-stream/export.go:61.16,63.3 1 1
mxtransporter/interfaces/kinesis-stream/export.go:77.80,79.3 1 1
mxtransporter/interfaces/kinesis-stream/export_mock.go:25.118,26.20 1 1
mxtransporter/interfaces/kinesis-stream/export_mock.go:29.2,29.48 1 1
mxtransporter/interfaces/kinesis-stream/export_mock.go:32.2,32.53 1 1
mxtransporter/interfaces/kinesis-stream/export_mock.go:35.2,35.12 1 1
mxtransporter/interfaces/kinesis-stream/export_mock.go:26.20,28.3 1 0
mxtransporter/interfaces/kinesis-stream/export_mock.go:29.48,31.3 1 0
mxtransporter/interfaces/kinesis-stream/export_mock.go:32.53,34.3 1 0
mxtransporter/interfaces/kinesis-stream/export_mock.go:38.116,40.2 1 1
mxtransporter/interfaces/bigquery/export.go:37.132,39.2 1 0
mxtransporter/interfaces/bigquery/export.go:41.84,45.16 3 1
mxtransporter/interfaces/bigquery/export.go:48.2,51.16 4 1
mxtransporter/interfaces/bigquery/export.go:54.2,55.16 2 1
mxtransporter/interfaces/bigquery/export.go:58.2,59.16 2 1
mxtransporter/interfaces/bigquery/export.go:62.2,63.16 2 1
mxtransporter/interfaces/bigquery/export.go:67.2,79.81 2 1
mxtransporter/interfaces/bigquery/export.go:83.2,83.12 1 1
mxtransporter/interfaces/bigquery/export.go:45.16,47.3 1 1
mxtransporter/interfaces/bigquery/export.go:51.16,53.3 1 1
mxtransporter/interfaces/bigquery/export.go:55.16,57.3 1 1
mxtransporter/interfaces/bigquery/export.go:59.16,61.3 1 1
mxtransporter/interfaces/bigquery/export.go:63.16,65.3 1 1
mxtransporter/interfaces/bigquery/export.go:79.81,81.3 1 1
mxtransporter/interfaces/bigquery/export_mock.go:23.124,24.20 1 1
mxtransporter/interfaces/bigquery/export_mock.go:28.2,28.58 1 1
mxtransporter/interfaces/bigquery/export_mock.go:31.2,31.12 1 1
mxtransporter/interfaces/bigquery/export_mock.go:24.20,26.3 1 0
mxtransporter/interfaces/bigquery/export_mock.go:28.58,30.3 1 0
mxtransporter/interfaces/bigquery/export_mock.go:34.123,36.2 1 1
mxtransporter/interfaces/pubsub/export.go:38.91,40.2 1 0
mxtransporter/interfaces/pubsub/export.go:42.100,44.2 1 0
mxtransporter/interfaces/pubsub/export.go:46.105,48.2 1 0
mxtransporter/interfaces/pubsub/export.go:50.137,56.2 1 0
mxtransporter/interfaces/pubsub/export.go:58.104,66.39 4 0
mxtransporter/interfaces/pubsub/export.go:74.2,74.12 1 0
mxtransporter/interfaces/pubsub/export.go:66.39,68.17 2 0
mxtransporter/interfaces/pubsub/export.go:71.3,71.60 1 0
mxtransporter/interfaces/pubsub/export.go:68.17,70.4 1 0
mxtransporter/interfaces/pubsub/export.go:77.80,82.16 4 1
mxtransporter/interfaces/pubsub/export.go:85.2,85.29 1 1
mxtransporter/interfaces/pubsub/export.go:96.2,98.16 3 1
mxtransporter/interfaces/pubsub/export.go:102.2,102.36 1 1
mxtransporter/interfaces/pubsub/export.go:113.2,114.16 2 1
mxtransporter/interfaces/pubsub/export.go:118.2,121.16 4 1
mxtransporter/interfaces/pubsub/export.go:124.2,125.16 2 1
mxtransporter/interfaces/pubsub/export.go:128.2,129.16 2 1
mxtransporter/interfaces/pubsub/export.go:132.2,133.16 2 1
mxtransporter/interfaces/pubsub/export.go:137.2,147.65 2 1
mxtransporter/interfaces/pubsub/export.go:151.2,151.12 1 1
mxtransporter/interfaces/pubsub/export.go:82.16,84.3 1 0
mxtransporter/interfaces/pubsub/export.go:85.29,90.17 4 1
mxtransporter/interfaces/pubsub/export.go:93.3,93.44 1 1
mxtransporter/interfaces/pubsub/export.go:90.17,92.4 1 0
mxtransporter/interfaces/pubsub/export.go:98.16,100.3 1 0
mxtransporter/interfaces/pubsub/export.go:102.36,107.17 4 1
mxtransporter/interfaces/pubsub/export.go:110.3,110.51 1 1
mxtransporter/interfaces/pubsub/export.go:107.17,109.4 1 0
mxtransporter/interfaces/pubsub/export.go:114.16,117.3 2 1
mxtransporter/interfaces/pubsub/export.go:121.16,123.3 1 1
mxtransporter/interfaces/pubsub/export.go:125.16,127.3 1 1
mxtransporter/interfaces/pubsub/export.go:129.16,131.3 1 1
mxtransporter/interfaces/pubsub/export.go:133.16,135.3 1 1
mxtransporter/interfaces/pubsub/export.go:147.65,149.3 1 0
mxtransporter/interfaces/pubsub/export_mock.go:18.95,20.2 1 1
mxtransporter/interfaces/pubsub/export_mock.go:22.104,24.2 1 1
mxtransporter/interfaces/pubsub/export_mock.go:26.108,28.2 1 1
mxtransporter/interfaces/pubsub/export_mock.go:30.141,32.2 1 1
mxtransporter/interfaces/pubsub/export_mock.go:34.100,35.20 1 1
mxtransporter/interfaces/pubsub/export_mock.go:38.2,38.53 1 1
mxtransporter/interfaces/pubsub/export_mock.go:41.2,41.12 1 1
mxtransporter/interfaces/pubsub/export_mock.go:35.20,37.3 1 0
mxtransporter/interfaces/pubsub/export_mock.go:38.53,40.3 1 0
mxtransporter/application/export_change_streams.go:57.124,59.16 2 0
mxtransporter/application/export_change_streams.go:62.2,62.22 1 0
mxtransporter/application/export_change_streams.go:59.16,61.3 1 0
mxtransporter/application/export_change_streams.go:65.120,67.16 2 0
mxtransporter/application/export_change_streams.go:70.2,70.22 1 0
mxtransporter/application/export_change_streams.go:67.16,69.3 1 0
mxtransporter/application/export_change_streams.go:73.104,75.16 2 0
mxtransporter/application/export_change_streams.go:78.2,78.22 1 0
mxtransporter/application/export_change_streams.go:75.16,77.3 1 0
mxtransporter/application/export_change_streams.go:81.131,83.16 2 0
mxtransporter/application/export_change_streams.go:86.2,86.16 1 0
mxtransporter/application/export_change_streams.go:83.16,85.3 1 0
mxtransporter/application/export_change_streams.go:89.91,91.2 1 0
mxtransporter/application/export_change_streams.go:93.88,95.2 1 0
mxtransporter/application/export_change_streams.go:97.81,99.16 2 1
mxtransporter/application/export_change_streams.go:103.2,104.16 2 1
mxtransporter/application/export_change_streams.go:108.2,114.36 4 1
mxtransporter/application/export_change_streams.go:125.2,126.16 2 1
mxtransporter/application/export_change_streams.go:130.2,131.16 2 1
mxtransporter/application/export_change_streams.go:134.2,137.102 3 1
mxtransporter/application/export_change_streams.go:141.2,147.39 2 1
mxtransporter/application/export_change_streams.go:176.2,183.59 5 1
mxtransporter/application/export_change_streams.go:187.2,187.12 1 1
mxtransporter/application/export_change_streams.go:99.16,101.3 1 1
mxtransporter/application/export_change_streams.go:104.16,106.3 1 1
mxtransporter/application/export_change_streams.go:114.36,116.3 1 0
mxtransporter/application/export_change_streams.go:116.8,116.43 1 1
mxtransporter/application/export_change_streams.go:116.43,118.3 1 1
mxtransporter/application/export_change_streams.go:118.8,123.3 3 1
mxtransporter/application/export_change_streams.go:126.16,128.3 1 0
mxtransporter/application/export_change_streams.go:131.16,133.3 1 1
mxtransporter/application/export_change_streams.go:137.102,139.3 1 1
mxtransporter/application/export_change_streams.go:147.39,149.22 2 1
mxtransporter/application/export_change_streams.go:150.17,152.18 2 1
mxtransporter/application/export_change_streams.go:155.4,156.60 2 1
mxtransporter/application/export_change_streams.go:157.20,159.18 2 1
mxtransporter/application/export_change_streams.go:162.4,163.63 2 1
mxtransporter/application/export_change_streams.go:164.22,166.18 2 1
mxtransporter/application/export_change_streams.go:169.4,170.70 2 1
mxtransporter/application/export_change_streams.go:171.11,172.171 1 1
mxtransporter/application/export_change_streams.go:152.18,154.5 1 0
mxtransporter/application/export_change_streams.go:159.18,161.5 1 0
mxtransporter/application/export_change_streams.go:166.18,168.5 1 0
mxtransporter/application/export_change_streams.go:183.59,185.3 1 0
mxtransporter/application/export_change_streams.go:215.74,217.2 1 0
mxtransporter/application/export_change_streams.go:219.73,222.44 2 0
mxtransporter/application/export_change_streams.go:225.2,225.19 1 0
mxtransporter/application/export_change_streams.go:222.44,224.3 1 0
mxtransporter/application/export_change_streams.go:228.76,230.2 1 0
mxtransporter/application/export_change_streams.go:232.103,234.2 1 0
mxtransporter/application/export_change_streams.go:236.101,238.2 1 0
mxtransporter/application/export_change_streams.go:240.108,242.2 1 0
mxtransporter/application/export_change_streams.go:244.76,246.2 1 0
mxtransporter/application/export_change_streams.go:248.84,252.16 3 1
mxtransporter/application/export_change_streams.go:255.2,257.27 2 1
mxtransporter/application/export_change_streams.go:304.2,304.12 1 1
mxtransporter/application/export_change_streams.go:252.16,254.3 1 0
mxtransporter/application/export_change_streams.go:257.27,259.17 2 1
mxtransporter/application/export_change_streams.go:263.3,271.40 7 1
mxtransporter/application/export_change_streams.go:294.3,294.35 1 1
mxtransporter/application/export_change_streams.go:298.3,300.58 2 1
mxtransporter/application/export_change_streams.go:259.17,261.4 1 0
mxtransporter/application/export_change_streams.go:271.40,273.23 2 1
mxtransporter/application/export_change_streams.go:273.23,274.24 1 1
mxtransporter/application/export_change_streams.go:290.5,290.15 1 1
mxtransporter/application/export_change_streams.go:275.19,276.68 1 1
mxtransporter/application/export_change_streams.go:279.22,280.66 1 1
mxtransporter/application/export_change_streams.go:283.24,284.73 1 1
mxtransporter/application/export_change_streams.go:287.13,288.163 1 1
mxtransporter/application/export_change_streams.go:276.68,278.7 1 0
mxtransporter/application/export_change_streams.go:280.66,282.7 1 0
mxtransporter/application/export_change_streams.go:284.73,286.7 1 0
mxtransporter/application/export_change_streams.go:294.35,296.4 1 1
mxtransporter/application/export_change_streams.go:300.58,302.4 1 0
mxtransporter/application/export_change_streams_mock.go:30.118,33.2 2 1
mxtransporter/application/export_change_streams_mock.go:35.114,38.2 2 1
mxtransporter/application/export_change_streams_mock.go:40.106,43.2 2 1
mxtransporter/application/export_change_streams_mock.go:45.133,46.28 1 1
mxtransporter/application/export_change_streams_mock.go:54.2,54.17 1 1
mxtransporter/application/export_change_streams_mock.go:46.28,47.68 1 1
mxtransporter/application/export_change_streams_mock.go:47.68,49.4 1 1
mxtransporter/application/export_change_streams_mock.go:50.8,52.3 1 1
mxtransporter/application/export_change_streams_mock.go:57.89,58.2 0 1
mxtransporter/application/export_change_streams_mock.go:60.90,62.2 1 1
mxtransporter/application/export_change_streams_mock.go:76.76,78.2 1 1
mxtransporter/application/export_change_streams_mock.go:80.77,82.2 1 1
mxtransporter/application/export_change_streams_mock.go:84.78,86.2 1 1
mxtransporter/application/export_change_streams_mock.go:88.104,91.2 2 1
mxtransporter/application/export_change_streams_mock.go:93.102,96.2 2 1
mxtransporter/application/export_change_streams_mock.go:98.109,101.2 2 1
mxtransporter/application/export_change_streams_mock.go:103.79,106.2 2 1
