mode: set
mxtransporter/config/kinesis-stream/kinesis_stream_config.go:12.42,17.2 4 1
mxtransporter/config/bigquery/bigquery_config.go:12.32,17.2 4 1
mxtransporter/config/mongodb/db_config.go:13.26,19.2 5 1
mxtransporter/config/pubsub/pubsub_config.go:12.28,17.2 4 1
mxtransporter/pkg/logger/logger.go:16.41,21.22 3 1
mxtransporter/pkg/logger/logger.go:28.2,28.32 1 1
mxtransporter/pkg/logger/logger.go:34.2,34.61 1 1
mxtransporter/pkg/logger/logger.go:46.2,62.18 3 1
mxtransporter/pkg/logger/logger.go:22.11,23.36 1 1
mxtransporter/pkg/logger/logger.go:24.11,25.37 1 1
mxtransporter/pkg/logger/logger.go:28.32,30.3 1 1
mxtransporter/pkg/logger/logger.go:30.8,32.3 1 1
mxtransporter/pkg/logger/logger.go:34.61,37.58 3 1
mxtransporter/pkg/logger/logger.go:40.3,41.60 2 1
mxtransporter/pkg/logger/logger.go:37.58,39.4 1 1
mxtransporter/pkg/logger/logger.go:42.8,44.3 1 1
mxtransporter/interfaces/kinesis-stream/export.go:29.125,36.16 2 0
mxtransporter/interfaces/kinesis-stream/export.go:40.2,40.12 1 0
mxtransporter/interfaces/kinesis-stream/export.go:36.16,38.3 1 0
mxtransporter/interfaces/kinesis-stream/export.go:43.94,47.16 3 1
mxtransporter/interfaces/kinesis-stream/export.go:50.2,53.16 4 1
mxtransporter/interfaces/kinesis-stream/export.go:56.2,57.16 2 1
mxtransporter/interfaces/kinesis-stream/export.go:60.2,61.16 2 1
mxtransporter/interfaces/kinesis-stream/export.go:64.2,65.16 2 1
mxtransporter/interfaces/kinesis-stream/export.go:69.2,81.80 3 1
mxtransporter/interfaces/kinesis-stream/export.go:85.2,85.12 1 1
mxtransporter/interfaces/kinesis-stream/export.go:47.16,49.3 1 1
mxtransporter/interfaces/kinesis-stream/export.go:53.16,55.3 1 1
mxtransporter/interfaces/kinesis-stream/export.go:57.16,59.3 1 1
mxtransporter/interfaces/kinesis-stream/export.go:61.16,63.3 1 1
mxtransporter/interfaces/kinesis-stream/export.go:65.16,67.3 1 1
mxtransporter/interfaces/kinesis-stream/export.go:81.80,83.3 1 0
mxtransporter/interfaces/kinesis-stream/export_mock.go:19.118,20.20 1 1
mxtransporter/interfaces/kinesis-stream/export_mock.go:23.2,23.48 1 1
mxtransporter/interfaces/kinesis-stream/export_mock.go:26.2,26.53 1 1
mxtransporter/interfaces/kinesis-stream/export_mock.go:29.2,29.12 1 1
mxtransporter/interfaces/kinesis-stream/export_mock.go:20.20,22.3 1 0
mxtransporter/interfaces/kinesis-stream/export_mock.go:23.48,25.3 1 0
mxtransporter/interfaces/kinesis-stream/export_mock.go:26.53,28.3 1 0
mxtransporter/config/general.go:10.13,13.2 1 1
mxtransporter/config/general.go:16.49,18.29 2 1
mxtransporter/config/general.go:21.2,21.19 1 1
mxtransporter/config/general.go:18.29,20.3 1 1
mxtransporter/config/general.go:24.47,26.30 2 0
mxtransporter/config/general.go:29.2,29.20 1 0
mxtransporter/config/general.go:26.30,28.3 1 0
mxtransporter/config/general.go:33.40,35.33 2 0
mxtransporter/config/general.go:38.2,38.23 1 0
mxtransporter/config/general.go:35.33,37.3 1 0
mxtransporter/config/general.go:41.38,43.26 2 0
mxtransporter/config/general.go:46.2,46.16 1 0
mxtransporter/config/general.go:43.26,45.3 1 0
mxtransporter/config/general.go:49.29,56.2 6 1
mxtransporter/usecases/resume-token/input.go:15.60,17.16 2 1
mxtransporter/usecases/resume-token/input.go:21.2,22.16 2 1
mxtransporter/usecases/resume-token/input.go:26.2,29.78 3 1
mxtransporter/usecases/resume-token/input.go:33.2,35.16 2 1
mxtransporter/usecases/resume-token/input.go:38.2,41.16 3 1
mxtransporter/usecases/resume-token/input.go:45.2,47.12 2 1
mxtransporter/usecases/resume-token/input.go:17.16,19.3 1 1
mxtransporter/usecases/resume-token/input.go:22.16,24.3 1 1
mxtransporter/usecases/resume-token/input.go:29.78,31.3 1 1
mxtransporter/usecases/resume-token/input.go:35.16,37.3 1 0
mxtransporter/usecases/resume-token/input.go:41.16,43.3 1 0
mxtransporter/interfaces/pubsub/export.go:38.91,40.2 1 0
mxtransporter/interfaces/pubsub/export.go:42.100,44.2 1 0
mxtransporter/interfaces/pubsub/export.go:46.105,48.2 1 0
mxtransporter/interfaces/pubsub/export.go:50.137,56.2 1 0
mxtransporter/interfaces/pubsub/export.go:58.104,66.39 4 0
mxtransporter/interfaces/pubsub/export.go:74.2,74.12 1 0
mxtransporter/interfaces/pubsub/export.go:66.39,68.17 2 0
mxtransporter/interfaces/pubsub/export.go:71.3,71.60 1 0
mxtransporter/interfaces/pubsub/export.go:68.17,70.4 1 0
mxtransporter/interfaces/pubsub/export.go:77.80,82.16 4 1
mxtransporter/interfaces/pubsub/export.go:85.2,85.29 1 1
mxtransporter/interfaces/pubsub/export.go:96.2,98.16 3 1
mxtransporter/interfaces/pubsub/export.go:102.2,102.36 1 1
mxtransporter/interfaces/pubsub/export.go:113.2,114.16 2 1
mxtransporter/interfaces/pubsub/export.go:118.2,121.16 4 1
mxtransporter/interfaces/pubsub/export.go:124.2,125.16 2 1
mxtransporter/interfaces/pubsub/export.go:128.2,129.16 2 1
mxtransporter/interfaces/pubsub/export.go:132.2,133.16 2 1
mxtransporter/interfaces/pubsub/export.go:137.2,147.65 2 1
mxtransporter/interfaces/pubsub/export.go:151.2,151.12 1 1
mxtransporter/interfaces/pubsub/export.go:82.16,84.3 1 0
mxtransporter/interfaces/pubsub/export.go:85.29,90.17 4 1
mxtransporter/interfaces/pubsub/export.go:93.3,93.44 1 1
mxtransporter/interfaces/pubsub/export.go:90.17,92.4 1 0
mxtransporter/interfaces/pubsub/export.go:98.16,100.3 1 0
mxtransporter/interfaces/pubsub/export.go:102.36,107.17 4 1
mxtransporter/interfaces/pubsub/export.go:110.3,110.51 1 1
mxtransporter/interfaces/pubsub/export.go:107.17,109.4 1 0
mxtransporter/interfaces/pubsub/export.go:114.16,117.3 2 1
mxtransporter/interfaces/pubsub/export.go:121.16,123.3 1 1
mxtransporter/interfaces/pubsub/export.go:125.16,127.3 1 1
mxtransporter/interfaces/pubsub/export.go:129.16,131.3 1 1
mxtransporter/interfaces/pubsub/export.go:133.16,135.3 1 1
mxtransporter/interfaces/pubsub/export.go:147.65,149.3 1 0
mxtransporter/interfaces/pubsub/export_mock.go:22.95,24.2 1 1
mxtransporter/interfaces/pubsub/export_mock.go:26.104,28.2 1 1
mxtransporter/interfaces/pubsub/export_mock.go:30.108,32.2 1 1
mxtransporter/interfaces/pubsub/export_mock.go:34.141,36.2 1 1
mxtransporter/interfaces/pubsub/export_mock.go:38.100,39.20 1 1
mxtransporter/interfaces/pubsub/export_mock.go:42.2,42.53 1 1
mxtransporter/interfaces/pubsub/export_mock.go:45.2,45.12 1 1
mxtransporter/interfaces/pubsub/export_mock.go:39.20,41.3 1 0
mxtransporter/interfaces/pubsub/export_mock.go:42.53,44.3 1 0
mxtransporter/interfaces/bigquery/export.go:37.132,38.94 1 0
mxtransporter/interfaces/bigquery/export.go:41.2,41.12 1 0
mxtransporter/interfaces/bigquery/export.go:38.94,40.3 1 0
mxtransporter/interfaces/bigquery/export.go:44.84,48.16 3 1
mxtransporter/interfaces/bigquery/export.go:51.2,54.16 4 1
mxtransporter/interfaces/bigquery/export.go:57.2,58.16 2 1
mxtransporter/interfaces/bigquery/export.go:61.2,62.16 2 1
mxtransporter/interfaces/bigquery/export.go:65.2,66.16 2 1
mxtransporter/interfaces/bigquery/export.go:70.2,82.81 2 1
mxtransporter/interfaces/bigquery/export.go:86.2,86.12 1 1
mxtransporter/interfaces/bigquery/export.go:48.16,50.3 1 1
mxtransporter/interfaces/bigquery/export.go:54.16,56.3 1 1
mxtransporter/interfaces/bigquery/export.go:58.16,60.3 1 1
mxtransporter/interfaces/bigquery/export.go:62.16,64.3 1 1
mxtransporter/interfaces/bigquery/export.go:66.16,68.3 1 1
mxtransporter/interfaces/bigquery/export.go:82.81,84.3 1 0
mxtransporter/interfaces/bigquery/export_mock.go:18.124,19.20 1 1
mxtransporter/interfaces/bigquery/export_mock.go:23.2,23.58 1 1
mxtransporter/interfaces/bigquery/export_mock.go:26.2,26.12 1 1
mxtransporter/interfaces/bigquery/export_mock.go:19.20,21.3 1 0
mxtransporter/interfaces/bigquery/export_mock.go:23.58,25.3 1 0
mxtransporter/application/export_change_streams.go:57.124,59.16 2 0
mxtransporter/application/export_change_streams.go:62.2,62.22 1 0
mxtransporter/application/export_change_streams.go:59.16,61.3 1 0
mxtransporter/application/export_change_streams.go:65.120,67.16 2 0
mxtransporter/application/export_change_streams.go:70.2,70.22 1 0
mxtransporter/application/export_change_streams.go:67.16,69.3 1 0
mxtransporter/application/export_change_streams.go:73.104,75.16 2 0
mxtransporter/application/export_change_streams.go:78.2,78.22 1 0
mxtransporter/application/export_change_streams.go:75.16,77.3 1 0
mxtransporter/application/export_change_streams.go:81.131,83.16 2 0
mxtransporter/application/export_change_streams.go:86.2,86.16 1 0
mxtransporter/application/export_change_streams.go:83.16,85.3 1 0
mxtransporter/application/export_change_streams.go:89.91,91.2 1 0
mxtransporter/application/export_change_streams.go:93.88,94.62 1 0
mxtransporter/application/export_change_streams.go:97.2,97.12 1 0
mxtransporter/application/export_change_streams.go:94.62,96.3 1 0
mxtransporter/application/export_change_streams.go:100.81,102.16 2 1
mxtransporter/application/export_change_streams.go:106.2,107.16 2 1
mxtransporter/application/export_change_streams.go:111.2,117.36 4 1
mxtransporter/application/export_change_streams.go:128.2,129.16 2 1
mxtransporter/application/export_change_streams.go:133.2,134.16 2 1
mxtransporter/application/export_change_streams.go:137.2,140.102 3 1
mxtransporter/application/export_change_streams.go:144.2,150.39 2 1
mxtransporter/application/export_change_streams.go:179.2,186.59 5 1
mxtransporter/application/export_change_streams.go:190.2,190.12 1 1
mxtransporter/application/export_change_streams.go:102.16,104.3 1 1
mxtransporter/application/export_change_streams.go:107.16,109.3 1 1
mxtransporter/application/export_change_streams.go:117.36,119.3 1 0
mxtransporter/application/export_change_streams.go:119.8,119.43 1 1
mxtransporter/application/export_change_streams.go:119.43,121.3 1 1
mxtransporter/application/export_change_streams.go:121.8,126.3 3 1
mxtransporter/application/export_change_streams.go:129.16,131.3 1 0
mxtransporter/application/export_change_streams.go:134.16,136.3 1 1
mxtransporter/application/export_change_streams.go:140.102,142.3 1 1
mxtransporter/application/export_change_streams.go:150.39,152.22 2 1
mxtransporter/application/export_change_streams.go:153.17,155.18 2 1
mxtransporter/application/export_change_streams.go:158.4,159.60 2 1
mxtransporter/application/export_change_streams.go:160.20,162.18 2 1
mxtransporter/application/export_change_streams.go:165.4,166.63 2 1
mxtransporter/application/export_change_streams.go:167.22,169.18 2 1
mxtransporter/application/export_change_streams.go:172.4,173.70 2 1
mxtransporter/application/export_change_streams.go:174.11,175.171 1 1
mxtransporter/application/export_change_streams.go:155.18,157.5 1 0
mxtransporter/application/export_change_streams.go:162.18,164.5 1 0
mxtransporter/application/export_change_streams.go:169.18,171.5 1 0
mxtransporter/application/export_change_streams.go:186.59,188.3 1 0
mxtransporter/application/export_change_streams.go:218.74,220.2 1 0
mxtransporter/application/export_change_streams.go:222.73,225.44 2 0
mxtransporter/application/export_change_streams.go:228.2,228.19 1 0
mxtransporter/application/export_change_streams.go:225.44,227.3 1 0
mxtransporter/application/export_change_streams.go:231.76,233.2 1 0
mxtransporter/application/export_change_streams.go:235.103,236.55 1 0
mxtransporter/application/export_change_streams.go:239.2,239.12 1 0
mxtransporter/application/export_change_streams.go:236.55,238.3 1 0
mxtransporter/application/export_change_streams.go:242.101,243.57 1 0
mxtransporter/application/export_change_streams.go:246.2,246.12 1 0
mxtransporter/application/export_change_streams.go:243.57,245.3 1 0
mxtransporter/application/export_change_streams.go:249.108,250.71 1 0
mxtransporter/application/export_change_streams.go:253.2,253.12 1 0
mxtransporter/application/export_change_streams.go:250.71,252.3 1 0
mxtransporter/application/export_change_streams.go:256.76,257.58 1 0
mxtransporter/application/export_change_streams.go:260.2,260.12 1 0
mxtransporter/application/export_change_streams.go:257.58,259.3 1 0
mxtransporter/application/export_change_streams.go:263.84,267.16 3 1
mxtransporter/application/export_change_streams.go:270.2,272.27 2 1
mxtransporter/application/export_change_streams.go:319.2,319.12 1 1
mxtransporter/application/export_change_streams.go:267.16,269.3 1 0
mxtransporter/application/export_change_streams.go:272.27,274.17 2 1
mxtransporter/application/export_change_streams.go:278.3,286.40 7 1
mxtransporter/application/export_change_streams.go:309.3,309.35 1 1
mxtransporter/application/export_change_streams.go:313.3,315.58 2 1
mxtransporter/application/export_change_streams.go:274.17,276.4 1 0
mxtransporter/application/export_change_streams.go:286.40,288.23 2 1
mxtransporter/application/export_change_streams.go:288.23,289.24 1 1
mxtransporter/application/export_change_streams.go:305.5,305.15 1 1
mxtransporter/application/export_change_streams.go:290.19,291.68 1 1
mxtransporter/application/export_change_streams.go:294.22,295.66 1 1
mxtransporter/application/export_change_streams.go:298.24,299.73 1 1
mxtransporter/application/export_change_streams.go:302.13,303.163 1 1
mxtransporter/application/export_change_streams.go:291.68,293.7 1 0
mxtransporter/application/export_change_streams.go:295.66,297.7 1 0
mxtransporter/application/export_change_streams.go:299.73,301.7 1 0
mxtransporter/application/export_change_streams.go:309.35,311.4 1 1
mxtransporter/application/export_change_streams.go:315.58,317.4 1 0
mxtransporter/application/export_change_streams_mock.go:30.118,33.2 2 1
mxtransporter/application/export_change_streams_mock.go:35.114,38.2 2 1
mxtransporter/application/export_change_streams_mock.go:40.106,43.2 2 1
mxtransporter/application/export_change_streams_mock.go:45.133,46.28 1 1
mxtransporter/application/export_change_streams_mock.go:54.2,54.17 1 1
mxtransporter/application/export_change_streams_mock.go:46.28,47.68 1 1
mxtransporter/application/export_change_streams_mock.go:47.68,49.4 1 1
mxtransporter/application/export_change_streams_mock.go:50.8,52.3 1 1
mxtransporter/application/export_change_streams_mock.go:57.89,58.2 0 1
mxtransporter/application/export_change_streams_mock.go:60.90,62.2 1 1
mxtransporter/application/export_change_streams_mock.go:76.76,78.2 1 1
mxtransporter/application/export_change_streams_mock.go:80.77,82.2 1 1
mxtransporter/application/export_change_streams_mock.go:84.78,86.2 1 1
mxtransporter/application/export_change_streams_mock.go:88.104,91.2 2 1
mxtransporter/application/export_change_streams_mock.go:93.102,96.2 2 1
mxtransporter/application/export_change_streams_mock.go:98.109,101.2 2 1
mxtransporter/application/export_change_streams_mock.go:103.79,106.2 2 1
